<?xml version="1.0" encoding="UTF-8"?>
<!-- Generated by org.testng.reporters.JUnitXMLReporter -->
<testsuite ignored="147" hostname="DESKTOP-MN86ODD" failures="0" tests="27" name="Test" time="0.116" errors="0" timestamp="2025-05-06T16:11:13 IST">
  <testcase classname="wrappers.MobileAppWrappers" name="@BeforeSuite beforeSuite" time="0.3">
    <failure type="java.lang.RuntimeException" message="ADB device check failed">
      <![CDATA[java.lang.RuntimeException: ADB device check failed
at wrappers.GenericWrappers.ABDconnection(GenericWrappers.java:1028)
at wrappers.MobileAppWrappers.beforeSuite(MobileAppWrappers.java:68)
Caused by: java.lang.RuntimeException: No ADB devices connected. Test execution stopped.
at wrappers.GenericWrappers.ABDconnection(GenericWrappers.java:1015)
... 18 more
... Removed 17 stack frames]]>
    </failure>
  </testcase> <!-- @BeforeSuite beforeSuite -->
  <testcase classname="wrappers.MobileAppWrappers" name="@BeforeTest beforeTest" time="0.0">
    <skipped/>
  </testcase> <!-- @BeforeTest beforeTest -->
  <testcase classname="smaZer_testcases.TC02_SignUp" name="@BeforeClass startTestCase" time="0.0">
    <skipped/>
  </testcase> <!-- @BeforeClass startTestCase -->
  <testcase classname="wrappers.MobileAppWrappers" name="@BeforeMethod beforeMethod" time="0.0">
    <skipped/>
  </testcase> <!-- @BeforeMethod beforeMethod -->
  <testcase classname="wrappers.MobileAppWrappers" name="@AfterMethod afterMethod" time="0.0">
    <skipped/>
  </testcase> <!-- @AfterMethod afterMethod -->
  <testcase classname="smaZer_testcases.TC03_SignUp" name="@BeforeClass startTestCase" time="0.0">
    <skipped/>
  </testcase> <!-- @BeforeClass startTestCase -->
  <testcase classname="wrappers.MobileAppWrappers" name="@BeforeMethod beforeMethod" time="0.0">
    <skipped/>
  </testcase> <!-- @BeforeMethod beforeMethod -->
  <testcase classname="wrappers.MobileAppWrappers" name="@AfterMethod afterMethod" time="0.0">
    <skipped/>
  </testcase> <!-- @AfterMethod afterMethod -->
  <testcase classname="smaZer_testcases.TC04_SignIn_Flow" name="@BeforeClass startTestCase" time="0.0">
    <skipped/>
  </testcase> <!-- @BeforeClass startTestCase -->
  <testcase classname="wrappers.MobileAppWrappers" name="@BeforeMethod beforeMethod" time="0.0">
    <skipped/>
  </testcase> <!-- @BeforeMethod beforeMethod -->
  <testcase classname="wrappers.MobileAppWrappers" name="@AfterMethod afterMethod" time="0.0">
    <skipped/>
  </testcase> <!-- @AfterMethod afterMethod -->
  <testcase classname="smaZer_testcases.TC05_SignIn_Valid_User" name="@BeforeClass startTestCase" time="0.0">
    <skipped/>
  </testcase> <!-- @BeforeClass startTestCase -->
  <testcase classname="wrappers.MobileAppWrappers" name="@BeforeMethod beforeMethod" time="0.0">
    <skipped/>
  </testcase> <!-- @BeforeMethod beforeMethod -->
  <testcase classname="wrappers.MobileAppWrappers" name="@AfterMethod afterMethod" time="0.0">
    <skipped/>
  </testcase> <!-- @AfterMethod afterMethod -->
  <testcase classname="smaZer_testcases.TC06_SignIn_SuccessFlow" name="@BeforeClass startTestCase" time="0.0">
    <skipped/>
  </testcase> <!-- @BeforeClass startTestCase -->
  <testcase classname="wrappers.MobileAppWrappers" name="@BeforeMethod beforeMethod" time="0.0">
    <skipped/>
  </testcase> <!-- @BeforeMethod beforeMethod -->
  <testcase classname="wrappers.MobileAppWrappers" name="@AfterMethod afterMethod" time="0.0">
    <skipped/>
  </testcase> <!-- @AfterMethod afterMethod -->
  <testcase classname="smaZer_testcases.TC07_SignIn_Logout" name="@BeforeClass startTestCase" time="0.0">
    <skipped/>
  </testcase> <!-- @BeforeClass startTestCase -->
  <testcase classname="wrappers.MobileAppWrappers" name="@BeforeMethod beforeMethod" time="0.0">
    <skipped/>
  </testcase> <!-- @BeforeMethod beforeMethod -->
  <testcase classname="wrappers.MobileAppWrappers" name="@AfterMethod afterMethod" time="0.0">
    <skipped/>
  </testcase> <!-- @AfterMethod afterMethod -->
  <testcase classname="smaZer_testcases.TC08_Pairing_BlewithoutRouter" name="@BeforeClass startTestCase" time="0.0">
    <skipped/>
  </testcase> <!-- @BeforeClass startTestCase -->
  <testcase classname="wrappers.MobileAppWrappers" name="@BeforeMethod beforeMethod" time="0.0">
    <skipped/>
  </testcase> <!-- @BeforeMethod beforeMethod -->
  <testcase classname="wrappers.MobileAppWrappers" name="@AfterMethod afterMethod" time="0.0">
    <skipped/>
  </testcase> <!-- @AfterMethod afterMethod -->
  <testcase classname="smaZer_testcases.TC09_Pairing_BlewithRouter" name="@BeforeClass startTestCase" time="0.0">
    <skipped/>
  </testcase> <!-- @BeforeClass startTestCase -->
  <testcase classname="wrappers.MobileAppWrappers" name="@BeforeMethod beforeMethod" time="0.0">
    <skipped/>
  </testcase> <!-- @BeforeMethod beforeMethod -->
  <testcase classname="wrappers.MobileAppWrappers" name="@AfterMethod afterMethod" time="0.0">
    <skipped/>
  </testcase> <!-- @AfterMethod afterMethod -->
  <testcase classname="smaZer_testcases.TC10_Pairing_SmartConfig" name="@BeforeClass startTestCase" time="0.0">
    <skipped/>
  </testcase> <!-- @BeforeClass startTestCase -->
  <testcase classname="wrappers.MobileAppWrappers" name="@BeforeMethod beforeMethod" time="0.0">
    <skipped/>
  </testcase> <!-- @BeforeMethod beforeMethod -->
  <testcase classname="wrappers.MobileAppWrappers" name="@AfterMethod afterMethod" time="0.0">
    <skipped/>
  </testcase> <!-- @AfterMethod afterMethod -->
  <testcase classname="smaZer_testcases.TC13_BlewithoutRouter" name="@BeforeClass startTestCase" time="0.0">
    <skipped/>
  </testcase> <!-- @BeforeClass startTestCase -->
  <testcase classname="wrappers.MobileAppWrappers" name="@BeforeMethod beforeMethod" time="0.0">
    <skipped/>
  </testcase> <!-- @BeforeMethod beforeMethod -->
  <testcase classname="wrappers.MobileAppWrappers" name="@AfterMethod afterMethod" time="0.0">
    <skipped/>
  </testcase> <!-- @AfterMethod afterMethod -->
  <testcase classname="smaZer_testcases.TC14_BleWithRouter" name="@BeforeClass startTestCase" time="0.0">
    <skipped/>
  </testcase> <!-- @BeforeClass startTestCase -->
  <testcase classname="wrappers.MobileAppWrappers" name="@BeforeMethod beforeMethod" time="0.0">
    <skipped/>
  </testcase> <!-- @BeforeMethod beforeMethod -->
  <testcase classname="wrappers.MobileAppWrappers" name="@AfterMethod afterMethod" time="0.0">
    <skipped/>
  </testcase> <!-- @AfterMethod afterMethod -->
  <testcase classname="smaZer_testcases.TC15_SmartConfig" name="@BeforeClass startTestCase" time="0.0">
    <skipped/>
  </testcase> <!-- @BeforeClass startTestCase -->
  <testcase classname="wrappers.MobileAppWrappers" name="@BeforeMethod beforeMethod" time="0.0">
    <skipped/>
  </testcase> <!-- @BeforeMethod beforeMethod -->
  <testcase classname="wrappers.MobileAppWrappers" name="@AfterMethod afterMethod" time="0.0">
    <skipped/>
  </testcase> <!-- @AfterMethod afterMethod -->
  <testcase classname="smaZer_testcases.TC18_UI_CONNECTIVITY_MOD_0_TC_01_TO_03" name="@BeforeClass startTestCase" time="0.0">
    <skipped/>
  </testcase> <!-- @BeforeClass startTestCase -->
  <testcase classname="wrappers.MobileAppWrappers" name="@BeforeMethod beforeMethod" time="0.0">
    <skipped/>
  </testcase> <!-- @BeforeMethod beforeMethod -->
  <testcase classname="wrappers.MobileAppWrappers" name="@AfterMethod afterMethod" time="0.0">
    <skipped/>
  </testcase> <!-- @AfterMethod afterMethod -->
  <testcase classname="smaZer_testcases.TC19_DeviceSettings" name="@BeforeClass startTestCase" time="0.0">
    <skipped/>
  </testcase> <!-- @BeforeClass startTestCase -->
  <testcase classname="wrappers.MobileAppWrappers" name="@BeforeMethod beforeMethod" time="0.0">
    <skipped/>
  </testcase> <!-- @BeforeMethod beforeMethod -->
  <testcase classname="wrappers.MobileAppWrappers" name="@AfterMethod afterMethod" time="0.0">
    <skipped/>
  </testcase> <!-- @AfterMethod afterMethod -->
  <testcase classname="smaZer_testcases.TC20_DeviceSettings" name="@BeforeClass startTestCase" time="0.0">
    <skipped/>
  </testcase> <!-- @BeforeClass startTestCase -->
  <testcase classname="wrappers.MobileAppWrappers" name="@BeforeMethod beforeMethod" time="0.0">
    <skipped/>
  </testcase> <!-- @BeforeMethod beforeMethod -->
  <testcase classname="wrappers.MobileAppWrappers" name="@AfterMethod afterMethod" time="0.0">
    <skipped/>
  </testcase> <!-- @AfterMethod afterMethod -->
  <testcase classname="smaZer_testcases.TC21_DeviceSettings" name="@BeforeClass startTestCase" time="0.0">
    <skipped/>
  </testcase> <!-- @BeforeClass startTestCase -->
  <testcase classname="wrappers.MobileAppWrappers" name="@BeforeMethod beforeMethod" time="0.0">
    <skipped/>
  </testcase> <!-- @BeforeMethod beforeMethod -->
  <testcase classname="wrappers.MobileAppWrappers" name="@AfterMethod afterMethod" time="0.0">
    <skipped/>
  </testcase> <!-- @AfterMethod afterMethod -->
  <testcase classname="smaZer_testcases.TC23_Analytics" name="@BeforeClass startTestCase" time="0.0">
    <skipped/>
  </testcase> <!-- @BeforeClass startTestCase -->
  <testcase classname="wrappers.MobileAppWrappers" name="@BeforeMethod beforeMethod" time="0.0">
    <skipped/>
  </testcase> <!-- @BeforeMethod beforeMethod -->
  <testcase classname="wrappers.MobileAppWrappers" name="@AfterMethod afterMethod" time="0.0">
    <skipped/>
  </testcase> <!-- @AfterMethod afterMethod -->
  <testcase classname="smaZer_testcases.TC24_Analytics" name="@BeforeClass startTestCase" time="0.0">
    <skipped/>
  </testcase> <!-- @BeforeClass startTestCase -->
  <testcase classname="wrappers.MobileAppWrappers" name="@BeforeMethod beforeMethod" time="0.0">
    <skipped/>
  </testcase> <!-- @BeforeMethod beforeMethod -->
  <testcase classname="wrappers.MobileAppWrappers" name="@AfterMethod afterMethod" time="0.0">
    <skipped/>
  </testcase> <!-- @AfterMethod afterMethod -->
  <testcase classname="smaZer_testcases.TC25_Analytics" name="@BeforeClass startTestCase" time="0.0">
    <skipped/>
  </testcase> <!-- @BeforeClass startTestCase -->
  <testcase classname="wrappers.MobileAppWrappers" name="@BeforeMethod beforeMethod" time="0.0">
    <skipped/>
  </testcase> <!-- @BeforeMethod beforeMethod -->
  <testcase classname="wrappers.MobileAppWrappers" name="@AfterMethod afterMethod" time="0.0">
    <skipped/>
  </testcase> <!-- @AfterMethod afterMethod -->
  <testcase classname="smaZer_testcases.TC26_Analytics" name="@BeforeClass startTestCase" time="0.0">
    <skipped/>
  </testcase> <!-- @BeforeClass startTestCase -->
  <testcase classname="wrappers.MobileAppWrappers" name="@BeforeMethod beforeMethod" time="0.0">
    <skipped/>
  </testcase> <!-- @BeforeMethod beforeMethod -->
  <testcase classname="wrappers.MobileAppWrappers" name="@AfterMethod afterMethod" time="0.0">
    <skipped/>
  </testcase> <!-- @AfterMethod afterMethod -->
  <testcase classname="smaZer_testcases.TC28_Schedular" name="@BeforeClass startTestCase" time="0.0">
    <skipped/>
  </testcase> <!-- @BeforeClass startTestCase -->
  <testcase classname="wrappers.MobileAppWrappers" name="@BeforeMethod beforeMethod" time="0.0">
    <skipped/>
  </testcase> <!-- @BeforeMethod beforeMethod -->
  <testcase classname="wrappers.MobileAppWrappers" name="@AfterMethod afterMethod" time="0.0">
    <skipped/>
  </testcase> <!-- @AfterMethod afterMethod -->
  <testcase classname="smaZer_testcases.TC29_Schedular" name="@BeforeClass startTestCase" time="0.0">
    <skipped/>
  </testcase> <!-- @BeforeClass startTestCase -->
  <testcase classname="wrappers.MobileAppWrappers" name="@BeforeMethod beforeMethod" time="0.0">
    <skipped/>
  </testcase> <!-- @BeforeMethod beforeMethod -->
  <testcase classname="wrappers.MobileAppWrappers" name="@AfterMethod afterMethod" time="0.0">
    <skipped/>
  </testcase> <!-- @AfterMethod afterMethod -->
  <testcase classname="smaZer_testcases.TC30_Schedular" name="@BeforeClass startTestCase" time="0.0">
    <skipped/>
  </testcase> <!-- @BeforeClass startTestCase -->
  <testcase classname="wrappers.MobileAppWrappers" name="@BeforeMethod beforeMethod" time="0.0">
    <skipped/>
  </testcase> <!-- @BeforeMethod beforeMethod -->
  <testcase classname="wrappers.MobileAppWrappers" name="@AfterMethod afterMethod" time="0.0">
    <skipped/>
  </testcase> <!-- @AfterMethod afterMethod -->
  <testcase classname="smaZer_testcases.TC31_Schedular" name="@BeforeClass startTestCase" time="0.0">
    <skipped/>
  </testcase> <!-- @BeforeClass startTestCase -->
  <testcase classname="wrappers.MobileAppWrappers" name="@BeforeMethod beforeMethod" time="0.0">
    <skipped/>
  </testcase> <!-- @BeforeMethod beforeMethod -->
  <testcase classname="wrappers.MobileAppWrappers" name="@AfterMethod afterMethod" time="0.0">
    <skipped/>
  </testcase> <!-- @AfterMethod afterMethod -->
  <testcase classname="smaZer_testcases.TC32_Factory_Reset" name="@BeforeClass startTestCase" time="0.0">
    <skipped/>
  </testcase> <!-- @BeforeClass startTestCase -->
  <testcase classname="wrappers.MobileAppWrappers" name="@BeforeMethod beforeMethod" time="0.0">
    <skipped/>
  </testcase> <!-- @BeforeMethod beforeMethod -->
  <testcase classname="wrappers.MobileAppWrappers" name="@AfterMethod afterMethod" time="0.0">
    <skipped/>
  </testcase> <!-- @AfterMethod afterMethod -->
  <testcase classname="smaZer_testcases.TC33_Ble_Factory_Reset" name="@BeforeClass startTestCase" time="0.0">
    <skipped/>
  </testcase> <!-- @BeforeClass startTestCase -->
  <testcase classname="wrappers.MobileAppWrappers" name="@BeforeMethod beforeMethod" time="0.0">
    <skipped/>
  </testcase> <!-- @BeforeMethod beforeMethod -->
  <testcase classname="wrappers.MobileAppWrappers" name="@AfterMethod afterMethod" time="0.0">
    <skipped/>
  </testcase> <!-- @AfterMethod afterMethod -->
  <testcase classname="smaZer_testcases.TC34_smaZer_Info" name="@BeforeClass startTestCase" time="0.0">
    <skipped/>
  </testcase> <!-- @BeforeClass startTestCase -->
  <testcase classname="wrappers.MobileAppWrappers" name="@BeforeMethod beforeMethod" time="0.0">
    <skipped/>
  </testcase> <!-- @BeforeMethod beforeMethod -->
  <testcase classname="wrappers.MobileAppWrappers" name="@AfterMethod afterMethod" time="0.0">
    <skipped/>
  </testcase> <!-- @AfterMethod afterMethod -->
  <testcase classname="wrappers.MobileAppWrappers" name="@AfterTest afterTest" time="0.0">
    <skipped/>
  </testcase> <!-- @AfterTest afterTest -->
  <testcase classname="smaZer_testcases.TC02_SignUp" name="signUp" time="0.0">
    <skipped/>
  </testcase> <!-- signUp -->
  <testcase classname="smaZer_testcases.TC03_SignUp" name="signUp" time="0.0">
    <skipped/>
  </testcase> <!-- signUp -->
  <testcase classname="smaZer_testcases.TC04_SignIn_Flow" name="signIn" time="0.0">
    <skipped/>
  </testcase> <!-- signIn -->
  <testcase classname="smaZer_testcases.TC05_SignIn_Valid_User" name="login" time="0.0">
    <skipped/>
  </testcase> <!-- login -->
  <testcase classname="smaZer_testcases.TC06_SignIn_SuccessFlow" name="login" time="0.0">
    <skipped/>
  </testcase> <!-- login -->
  <testcase classname="smaZer_testcases.TC07_SignIn_Logout" name="login" time="0.0">
    <skipped/>
  </testcase> <!-- login -->
  <testcase classname="smaZer_testcases.TC08_Pairing_BlewithoutRouter" name="removerepair" time="0.0">
    <skipped/>
  </testcase> <!-- removerepair -->
  <testcase classname="smaZer_testcases.TC09_Pairing_BlewithRouter" name="removerepair" time="0.0">
    <skipped/>
  </testcase> <!-- removerepair -->
  <testcase classname="smaZer_testcases.TC10_Pairing_SmartConfig" name="removerepair" time="0.0">
    <skipped/>
  </testcase> <!-- removerepair -->
  <testcase classname="smaZer_testcases.TC13_BlewithoutRouter" name="removerepair" time="0.0">
    <skipped/>
  </testcase> <!-- removerepair -->
  <testcase classname="smaZer_testcases.TC14_BleWithRouter" name="removerepair" time="0.0">
    <skipped/>
  </testcase> <!-- removerepair -->
  <testcase classname="smaZer_testcases.TC15_SmartConfig" name="removerepair" time="0.0">
    <skipped/>
  </testcase> <!-- removerepair -->
  <testcase classname="smaZer_testcases.TC18_UI_CONNECTIVITY_MOD_0_TC_01_TO_03" name="removerepair" time="0.0">
    <skipped/>
  </testcase> <!-- removerepair -->
  <testcase classname="smaZer_testcases.TC19_DeviceSettings" name="removerepair" time="0.0">
    <skipped/>
  </testcase> <!-- removerepair -->
  <testcase classname="smaZer_testcases.TC20_DeviceSettings" name="removerepair" time="0.0">
    <skipped/>
  </testcase> <!-- removerepair -->
  <testcase classname="smaZer_testcases.TC21_DeviceSettings" name="removerepair" time="0.0">
    <skipped/>
  </testcase> <!-- removerepair -->
  <testcase classname="smaZer_testcases.TC23_Analytics" name="removerepair" time="0.0">
    <skipped/>
  </testcase> <!-- removerepair -->
  <testcase classname="smaZer_testcases.TC24_Analytics" name="removerepair" time="0.0">
    <skipped/>
  </testcase> <!-- removerepair -->
  <testcase classname="smaZer_testcases.TC25_Analytics" name="removerepair" time="0.0">
    <skipped/>
  </testcase> <!-- removerepair -->
  <testcase classname="smaZer_testcases.TC26_Analytics" name="removerepair" time="0.0">
    <skipped/>
  </testcase> <!-- removerepair -->
  <testcase classname="smaZer_testcases.TC28_Schedular" name="schedule" time="0.0">
    <skipped/>
  </testcase> <!-- schedule -->
  <testcase classname="smaZer_testcases.TC29_Schedular" name="schedule" time="0.0">
    <skipped/>
  </testcase> <!-- schedule -->
  <testcase classname="smaZer_testcases.TC30_Schedular" name="schedule" time="0.0">
    <skipped/>
  </testcase> <!-- schedule -->
  <testcase classname="smaZer_testcases.TC31_Schedular" name="schedule" time="0.0">
    <skipped/>
  </testcase> <!-- schedule -->
  <testcase classname="smaZer_testcases.TC32_Factory_Reset" name="removerepair" time="0.0">
    <skipped/>
  </testcase> <!-- removerepair -->
  <testcase classname="smaZer_testcases.TC33_Ble_Factory_Reset" name="removerepair" time="0.0">
    <skipped/>
  </testcase> <!-- removerepair -->
  <testcase classname="smaZer_testcases.TC34_smaZer_Info" name="removerepair" time="0.0">
    <skipped/>
  </testcase> <!-- removerepair -->
  <testcase classname="wrappers.MobileAppWrappers" name="@BeforeTest beforeTest" time="0.0">
    <ignored/>
  </testcase> <!-- @BeforeTest beforeTest -->
  <testcase classname="wrappers.MobileAppWrappers" name="@AfterSuite afterSuite" time="0.0">
    <ignored/>
  </testcase> <!-- @AfterSuite afterSuite -->
  <testcase classname="wrappers.MobileAppWrappers" name="@AfterSuite afterSuite" time="0.0">
    <ignored/>
  </testcase> <!-- @AfterSuite afterSuite -->
  <testcase classname="wrappers.MobileAppWrappers" name="@AfterSuite afterSuite" time="0.0">
    <ignored/>
  </testcase> <!-- @AfterSuite afterSuite -->
  <testcase classname="smaZer_testcases.TC16_WifiWithRouter" name="removerepair" time="0.0">
    <ignored/>
  </testcase> <!-- removerepair -->
  <testcase classname="wrappers.MobileAppWrappers" name="@AfterTest afterTest" time="0.0">
    <ignored/>
  </testcase> <!-- @AfterTest afterTest -->
  <testcase classname="wrappers.MobileAppWrappers" name="@AfterTest afterTest" time="0.0">
    <ignored/>
  </testcase> <!-- @AfterTest afterTest -->
  <testcase classname="wrappers.MobileAppWrappers" name="@AfterTest afterTest" time="0.0">
    <ignored/>
  </testcase> <!-- @AfterTest afterTest -->
  <testcase classname="wrappers.MobileAppWrappers" name="@BeforeTest beforeTest" time="0.0">
    <ignored/>
  </testcase> <!-- @BeforeTest beforeTest -->
  <testcase classname="wrappers.MobileAppWrappers" name="@AfterSuite afterSuite" time="0.0">
    <ignored/>
  </testcase> <!-- @AfterSuite afterSuite -->
  <testcase classname="wrappers.MobileAppWrappers" name="@AfterSuite afterSuite" time="0.0">
    <ignored/>
  </testcase> <!-- @AfterSuite afterSuite -->
  <testcase classname="wrappers.MobileAppWrappers" name="@BeforeSuite beforeSuite" time="0.0">
    <ignored/>
  </testcase> <!-- @BeforeSuite beforeSuite -->
  <testcase classname="wrappers.MobileAppWrappers" name="@BeforeSuite beforeSuite" time="0.0">
    <ignored/>
  </testcase> <!-- @BeforeSuite beforeSuite -->
  <testcase classname="wrappers.MobileAppWrappers" name="@AfterTest afterTest" time="0.0">
    <ignored/>
  </testcase> <!-- @AfterTest afterTest -->
  <testcase classname="wrappers.MobileAppWrappers" name="@BeforeTest beforeTest" time="0.0">
    <ignored/>
  </testcase> <!-- @BeforeTest beforeTest -->
  <testcase classname="wrappers.MobileAppWrappers" name="@AfterTest afterTest" time="0.0">
    <ignored/>
  </testcase> <!-- @AfterTest afterTest -->
  <testcase classname="wrappers.MobileAppWrappers" name="@BeforeTest beforeTest" time="0.0">
    <ignored/>
  </testcase> <!-- @BeforeTest beforeTest -->
  <testcase classname="wrappers.MobileAppWrappers" name="@BeforeSuite beforeSuite" time="0.0">
    <ignored/>
  </testcase> <!-- @BeforeSuite beforeSuite -->
  <testcase classname="wrappers.MobileAppWrappers" name="@AfterTest afterTest" time="0.0">
    <ignored/>
  </testcase> <!-- @AfterTest afterTest -->
  <testcase classname="wrappers.MobileAppWrappers" name="@BeforeTest beforeTest" time="0.0">
    <ignored/>
  </testcase> <!-- @BeforeTest beforeTest -->
  <testcase classname="wrappers.MobileAppWrappers" name="@BeforeSuite beforeSuite" time="0.0">
    <ignored/>
  </testcase> <!-- @BeforeSuite beforeSuite -->
  <testcase classname="wrappers.MobileAppWrappers" name="@BeforeTest beforeTest" time="0.0">
    <ignored/>
  </testcase> <!-- @BeforeTest beforeTest -->
  <testcase classname="wrappers.MobileAppWrappers" name="@BeforeTest beforeTest" time="0.0">
    <ignored/>
  </testcase> <!-- @BeforeTest beforeTest -->
  <testcase classname="wrappers.MobileAppWrappers" name="@AfterSuite afterSuite" time="0.0">
    <ignored/>
  </testcase> <!-- @AfterSuite afterSuite -->
  <testcase classname="smaZer_testcases.TC11_Pairing_WifiwithRouter" name="removerepair" time="0.0">
    <ignored/>
  </testcase> <!-- removerepair -->
  <testcase classname="wrappers.MobileAppWrappers" name="@AfterTest afterTest" time="0.0">
    <ignored/>
  </testcase> <!-- @AfterTest afterTest -->
  <testcase classname="wrappers.MobileAppWrappers" name="@AfterTest afterTest" time="0.0">
    <ignored/>
  </testcase> <!-- @AfterTest afterTest -->
  <testcase classname="wrappers.MobileAppWrappers" name="@BeforeSuite beforeSuite" time="0.0">
    <ignored/>
  </testcase> <!-- @BeforeSuite beforeSuite -->
  <testcase classname="wrappers.MobileAppWrappers" name="@AfterSuite afterSuite" time="0.0">
    <ignored/>
  </testcase> <!-- @AfterSuite afterSuite -->
  <testcase classname="wrappers.MobileAppWrappers" name="@BeforeSuite beforeSuite" time="0.0">
    <ignored/>
  </testcase> <!-- @BeforeSuite beforeSuite -->
  <testcase classname="wrappers.MobileAppWrappers" name="@BeforeTest beforeTest" time="0.0">
    <ignored/>
  </testcase> <!-- @BeforeTest beforeTest -->
  <testcase classname="wrappers.MobileAppWrappers" name="@BeforeSuite beforeSuite" time="0.0">
    <ignored/>
  </testcase> <!-- @BeforeSuite beforeSuite -->
  <testcase classname="wrappers.MobileAppWrappers" name="@BeforeSuite beforeSuite" time="0.0">
    <ignored/>
  </testcase> <!-- @BeforeSuite beforeSuite -->
  <testcase classname="wrappers.MobileAppWrappers" name="@BeforeSuite beforeSuite" time="0.0">
    <ignored/>
  </testcase> <!-- @BeforeSuite beforeSuite -->
  <testcase classname="wrappers.MobileAppWrappers" name="@BeforeSuite beforeSuite" time="0.0">
    <ignored/>
  </testcase> <!-- @BeforeSuite beforeSuite -->
  <testcase classname="wrappers.MobileAppWrappers" name="@AfterTest afterTest" time="0.0">
    <ignored/>
  </testcase> <!-- @AfterTest afterTest -->
  <testcase classname="wrappers.MobileAppWrappers" name="@BeforeTest beforeTest" time="0.0">
    <ignored/>
  </testcase> <!-- @BeforeTest beforeTest -->
  <testcase classname="wrappers.MobileAppWrappers" name="@BeforeTest beforeTest" time="0.0">
    <ignored/>
  </testcase> <!-- @BeforeTest beforeTest -->
  <testcase classname="smaZer_testcases.TC01_Accounts_Info" name="removerepair" time="0.0">
    <ignored/>
  </testcase> <!-- removerepair -->
  <testcase classname="wrappers.MobileAppWrappers" name="@AfterTest afterTest" time="0.0">
    <ignored/>
  </testcase> <!-- @AfterTest afterTest -->
  <testcase classname="wrappers.MobileAppWrappers" name="@BeforeTest beforeTest" time="0.0">
    <ignored/>
  </testcase> <!-- @BeforeTest beforeTest -->
  <testcase classname="wrappers.MobileAppWrappers" name="@AfterSuite afterSuite" time="0.0">
    <ignored/>
  </testcase> <!-- @AfterSuite afterSuite -->
  <testcase classname="wrappers.MobileAppWrappers" name="@AfterSuite afterSuite" time="0.0">
    <ignored/>
  </testcase> <!-- @AfterSuite afterSuite -->
  <testcase classname="wrappers.MobileAppWrappers" name="@BeforeSuite beforeSuite" time="0.0">
    <ignored/>
  </testcase> <!-- @BeforeSuite beforeSuite -->
  <testcase classname="wrappers.MobileAppWrappers" name="@BeforeSuite beforeSuite" time="0.0">
    <ignored/>
  </testcase> <!-- @BeforeSuite beforeSuite -->
  <testcase classname="wrappers.MobileAppWrappers" name="@AfterSuite afterSuite" time="0.0">
    <ignored/>
  </testcase> <!-- @AfterSuite afterSuite -->
  <testcase classname="wrappers.MobileAppWrappers" name="@AfterSuite afterSuite" time="0.0">
    <ignored/>
  </testcase> <!-- @AfterSuite afterSuite -->
  <testcase classname="wrappers.MobileAppWrappers" name="@BeforeTest beforeTest" time="0.0">
    <ignored/>
  </testcase> <!-- @BeforeTest beforeTest -->
  <testcase classname="wrappers.MobileAppWrappers" name="@AfterSuite afterSuite" time="0.0">
    <ignored/>
  </testcase> <!-- @AfterSuite afterSuite -->
  <testcase classname="wrappers.MobileAppWrappers" name="@BeforeSuite beforeSuite" time="0.0">
    <ignored/>
  </testcase> <!-- @BeforeSuite beforeSuite -->
  <testcase classname="wrappers.MobileAppWrappers" name="@BeforeTest beforeTest" time="0.0">
    <ignored/>
  </testcase> <!-- @BeforeTest beforeTest -->
  <testcase classname="wrappers.MobileAppWrappers" name="@AfterTest afterTest" time="0.0">
    <ignored/>
  </testcase> <!-- @AfterTest afterTest -->
  <testcase classname="smaZer_testcases.TC22_DeviceSettings" name="removerepair" time="0.0">
    <ignored/>
  </testcase> <!-- removerepair -->
  <testcase classname="wrappers.MobileAppWrappers" name="@AfterSuite afterSuite" time="0.0">
    <ignored/>
  </testcase> <!-- @AfterSuite afterSuite -->
  <testcase classname="wrappers.MobileAppWrappers" name="@BeforeTest beforeTest" time="0.0">
    <ignored/>
  </testcase> <!-- @BeforeTest beforeTest -->
  <testcase classname="wrappers.MobileAppWrappers" name="@AfterSuite afterSuite" time="0.0">
    <ignored/>
  </testcase> <!-- @AfterSuite afterSuite -->
  <testcase classname="wrappers.MobileAppWrappers" name="@BeforeSuite beforeSuite" time="0.0">
    <ignored/>
  </testcase> <!-- @BeforeSuite beforeSuite -->
  <testcase classname="smaZer_testcases.TC12_Pairing_WifiwithoutRouter" name="removerepair" time="0.0">
    <ignored/>
  </testcase> <!-- removerepair -->
  <testcase classname="wrappers.MobileAppWrappers" name="@AfterTest afterTest" time="0.0">
    <ignored/>
  </testcase> <!-- @AfterTest afterTest -->
  <testcase classname="wrappers.MobileAppWrappers" name="@AfterSuite afterSuite" time="0.0">
    <ignored/>
  </testcase> <!-- @AfterSuite afterSuite -->
  <testcase classname="wrappers.MobileAppWrappers" name="@BeforeSuite beforeSuite" time="0.0">
    <ignored/>
  </testcase> <!-- @BeforeSuite beforeSuite -->
  <testcase classname="wrappers.MobileAppWrappers" name="@BeforeTest beforeTest" time="0.0">
    <ignored/>
  </testcase> <!-- @BeforeTest beforeTest -->
  <testcase classname="wrappers.MobileAppWrappers" name="@AfterSuite afterSuite" time="0.0">
    <ignored/>
  </testcase> <!-- @AfterSuite afterSuite -->
  <testcase classname="wrappers.MobileAppWrappers" name="@BeforeSuite beforeSuite" time="0.0">
    <ignored/>
  </testcase> <!-- @BeforeSuite beforeSuite -->
  <testcase classname="wrappers.MobileAppWrappers" name="@AfterSuite afterSuite" time="0.0">
    <ignored/>
  </testcase> <!-- @AfterSuite afterSuite -->
  <testcase classname="smaZer_testcases.TC27_Analytics" name="removerepair" time="0.0">
    <ignored/>
  </testcase> <!-- removerepair -->
  <testcase classname="wrappers.MobileAppWrappers" name="@BeforeSuite beforeSuite" time="0.0">
    <ignored/>
  </testcase> <!-- @BeforeSuite beforeSuite -->
  <testcase classname="wrappers.MobileAppWrappers" name="@BeforeTest beforeTest" time="0.0">
    <ignored/>
  </testcase> <!-- @BeforeTest beforeTest -->
  <testcase classname="wrappers.MobileAppWrappers" name="@AfterTest afterTest" time="0.0">
    <ignored/>
  </testcase> <!-- @AfterTest afterTest -->
  <testcase classname="wrappers.MobileAppWrappers" name="@BeforeTest beforeTest" time="0.0">
    <ignored/>
  </testcase> <!-- @BeforeTest beforeTest -->
  <testcase classname="wrappers.MobileAppWrappers" name="@BeforeTest beforeTest" time="0.0">
    <ignored/>
  </testcase> <!-- @BeforeTest beforeTest -->
  <testcase classname="wrappers.MobileAppWrappers" name="@BeforeTest beforeTest" time="0.0">
    <ignored/>
  </testcase> <!-- @BeforeTest beforeTest -->
  <testcase classname="wrappers.MobileAppWrappers" name="@AfterTest afterTest" time="0.0">
    <ignored/>
  </testcase> <!-- @AfterTest afterTest -->
  <testcase classname="wrappers.MobileAppWrappers" name="@AfterTest afterTest" time="0.0">
    <ignored/>
  </testcase> <!-- @AfterTest afterTest -->
  <testcase classname="wrappers.MobileAppWrappers" name="@AfterTest afterTest" time="0.0">
    <ignored/>
  </testcase> <!-- @AfterTest afterTest -->
  <testcase classname="wrappers.MobileAppWrappers" name="@AfterSuite afterSuite" time="0.0">
    <ignored/>
  </testcase> <!-- @AfterSuite afterSuite -->
  <testcase classname="wrappers.MobileAppWrappers" name="@AfterSuite afterSuite" time="0.0">
    <ignored/>
  </testcase> <!-- @AfterSuite afterSuite -->
  <testcase classname="wrappers.MobileAppWrappers" name="@AfterTest afterTest" time="0.0">
    <ignored/>
  </testcase> <!-- @AfterTest afterTest -->
  <testcase classname="wrappers.MobileAppWrappers" name="@BeforeSuite beforeSuite" time="0.0">
    <ignored/>
  </testcase> <!-- @BeforeSuite beforeSuite -->
  <testcase classname="wrappers.MobileAppWrappers" name="@AfterSuite afterSuite" time="0.0">
    <ignored/>
  </testcase> <!-- @AfterSuite afterSuite -->
  <testcase classname="wrappers.MobileAppWrappers" name="@BeforeTest beforeTest" time="0.0">
    <ignored/>
  </testcase> <!-- @BeforeTest beforeTest -->
  <testcase classname="wrappers.MobileAppWrappers" name="@BeforeSuite beforeSuite" time="0.0">
    <ignored/>
  </testcase> <!-- @BeforeSuite beforeSuite -->
  <testcase classname="wrappers.MobileAppWrappers" name="@BeforeTest beforeTest" time="0.0">
    <ignored/>
  </testcase> <!-- @BeforeTest beforeTest -->
  <testcase classname="wrappers.MobileAppWrappers" name="@AfterTest afterTest" time="0.0">
    <ignored/>
  </testcase> <!-- @AfterTest afterTest -->
  <testcase classname="wrappers.MobileAppWrappers" name="@BeforeTest beforeTest" time="0.0">
    <ignored/>
  </testcase> <!-- @BeforeTest beforeTest -->
  <testcase classname="wrappers.MobileAppWrappers" name="@AfterSuite afterSuite" time="0.0">
    <ignored/>
  </testcase> <!-- @AfterSuite afterSuite -->
  <testcase classname="wrappers.MobileAppWrappers" name="@BeforeSuite beforeSuite" time="0.0">
    <ignored/>
  </testcase> <!-- @BeforeSuite beforeSuite -->
  <testcase classname="wrappers.MobileAppWrappers" name="@BeforeSuite beforeSuite" time="0.0">
    <ignored/>
  </testcase> <!-- @BeforeSuite beforeSuite -->
  <testcase classname="wrappers.MobileAppWrappers" name="@AfterTest afterTest" time="0.0">
    <ignored/>
  </testcase> <!-- @AfterTest afterTest -->
  <testcase classname="wrappers.MobileAppWrappers" name="@BeforeSuite beforeSuite" time="0.0">
    <ignored/>
  </testcase> <!-- @BeforeSuite beforeSuite -->
  <testcase classname="wrappers.MobileAppWrappers" name="@AfterSuite afterSuite" time="0.0">
    <ignored/>
  </testcase> <!-- @AfterSuite afterSuite -->
  <testcase classname="wrappers.MobileAppWrappers" name="@BeforeSuite beforeSuite" time="0.0">
    <ignored/>
  </testcase> <!-- @BeforeSuite beforeSuite -->
  <testcase classname="wrappers.MobileAppWrappers" name="@AfterSuite afterSuite" time="0.0">
    <ignored/>
  </testcase> <!-- @AfterSuite afterSuite -->
  <testcase classname="wrappers.MobileAppWrappers" name="@BeforeSuite beforeSuite" time="0.0">
    <ignored/>
  </testcase> <!-- @BeforeSuite beforeSuite -->
  <testcase classname="wrappers.MobileAppWrappers" name="@BeforeSuite beforeSuite" time="0.0">
    <ignored/>
  </testcase> <!-- @BeforeSuite beforeSuite -->
  <testcase classname="wrappers.MobileAppWrappers" name="@BeforeSuite beforeSuite" time="0.0">
    <ignored/>
  </testcase> <!-- @BeforeSuite beforeSuite -->
  <testcase classname="wrappers.MobileAppWrappers" name="@BeforeSuite beforeSuite" time="0.0">
    <ignored/>
  </testcase> <!-- @BeforeSuite beforeSuite -->
  <testcase classname="wrappers.MobileAppWrappers" name="@AfterSuite afterSuite" time="0.0">
    <ignored/>
  </testcase> <!-- @AfterSuite afterSuite -->
  <testcase classname="wrappers.MobileAppWrappers" name="@AfterTest afterTest" time="0.0">
    <ignored/>
  </testcase> <!-- @AfterTest afterTest -->
  <testcase classname="wrappers.MobileAppWrappers" name="@AfterTest afterTest" time="0.0">
    <ignored/>
  </testcase> <!-- @AfterTest afterTest -->
  <testcase classname="wrappers.MobileAppWrappers" name="@AfterSuite afterSuite" time="0.0">
    <ignored/>
  </testcase> <!-- @AfterSuite afterSuite -->
  <testcase classname="smaZer_testcases.TC17_WIfiWithout_router" name="removerepair" time="0.0">
    <ignored/>
  </testcase> <!-- removerepair -->
  <testcase classname="wrappers.MobileAppWrappers" name="@AfterTest afterTest" time="0.0">
    <ignored/>
  </testcase> <!-- @AfterTest afterTest -->
  <testcase classname="wrappers.MobileAppWrappers" name="@BeforeSuite beforeSuite" time="0.0">
    <ignored/>
  </testcase> <!-- @BeforeSuite beforeSuite -->
  <testcase classname="wrappers.MobileAppWrappers" name="@BeforeTest beforeTest" time="0.0">
    <ignored/>
  </testcase> <!-- @BeforeTest beforeTest -->
  <testcase classname="wrappers.MobileAppWrappers" name="@AfterSuite afterSuite" time="0.0">
    <ignored/>
  </testcase> <!-- @AfterSuite afterSuite -->
  <testcase classname="wrappers.MobileAppWrappers" name="@AfterSuite afterSuite" time="0.0">
    <ignored/>
  </testcase> <!-- @AfterSuite afterSuite -->
  <testcase classname="wrappers.MobileAppWrappers" name="@BeforeSuite beforeSuite" time="0.0">
    <ignored/>
  </testcase> <!-- @BeforeSuite beforeSuite -->
  <testcase classname="wrappers.MobileAppWrappers" name="@BeforeTest beforeTest" time="0.0">
    <ignored/>
  </testcase> <!-- @BeforeTest beforeTest -->
  <testcase classname="wrappers.MobileAppWrappers" name="@AfterTest afterTest" time="0.0">
    <ignored/>
  </testcase> <!-- @AfterTest afterTest -->
  <testcase classname="wrappers.MobileAppWrappers" name="@BeforeTest beforeTest" time="0.0">
    <ignored/>
  </testcase> <!-- @BeforeTest beforeTest -->
  <testcase classname="wrappers.MobileAppWrappers" name="@AfterTest afterTest" time="0.0">
    <ignored/>
  </testcase> <!-- @AfterTest afterTest -->
  <testcase classname="wrappers.MobileAppWrappers" name="@AfterTest afterTest" time="0.0">
    <ignored/>
  </testcase> <!-- @AfterTest afterTest -->
  <testcase classname="wrappers.MobileAppWrappers" name="@BeforeTest beforeTest" time="0.0">
    <ignored/>
  </testcase> <!-- @BeforeTest beforeTest -->
  <testcase classname="wrappers.MobileAppWrappers" name="@AfterSuite afterSuite" time="0.0">
    <ignored/>
  </testcase> <!-- @AfterSuite afterSuite -->
  <testcase classname="wrappers.MobileAppWrappers" name="@AfterSuite afterSuite" time="0.0">
    <ignored/>
  </testcase> <!-- @AfterSuite afterSuite -->
  <testcase classname="wrappers.MobileAppWrappers" name="@BeforeTest beforeTest" time="0.0">
    <ignored/>
  </testcase> <!-- @BeforeTest beforeTest -->
  <testcase classname="wrappers.MobileAppWrappers" name="@BeforeTest beforeTest" time="0.0">
    <ignored/>
  </testcase> <!-- @BeforeTest beforeTest -->
  <testcase classname="wrappers.MobileAppWrappers" name="@AfterTest afterTest" time="0.0">
    <ignored/>
  </testcase> <!-- @AfterTest afterTest -->
  <testcase classname="wrappers.MobileAppWrappers" name="@AfterSuite afterSuite" time="0.0">
    <ignored/>
  </testcase> <!-- @AfterSuite afterSuite -->
  <testcase classname="wrappers.MobileAppWrappers" name="@AfterTest afterTest" time="0.0">
    <ignored/>
  </testcase> <!-- @AfterTest afterTest -->
  <testcase classname="wrappers.MobileAppWrappers" name="@BeforeSuite beforeSuite" time="0.0">
    <ignored/>
  </testcase> <!-- @BeforeSuite beforeSuite -->
  <testcase classname="wrappers.MobileAppWrappers" name="@BeforeTest beforeTest" time="0.0">
    <ignored/>
  </testcase> <!-- @BeforeTest beforeTest -->
  <testcase classname="wrappers.MobileAppWrappers" name="@BeforeTest beforeTest" time="0.0">
    <ignored/>
  </testcase> <!-- @BeforeTest beforeTest -->
  <testcase classname="wrappers.MobileAppWrappers" name="@BeforeSuite beforeSuite" time="0.0">
    <ignored/>
  </testcase> <!-- @BeforeSuite beforeSuite -->
  <testcase classname="wrappers.MobileAppWrappers" name="@BeforeTest beforeTest" time="0.0">
    <ignored/>
  </testcase> <!-- @BeforeTest beforeTest -->
  <testcase classname="wrappers.MobileAppWrappers" name="@AfterSuite afterSuite" time="0.0">
    <ignored/>
  </testcase> <!-- @AfterSuite afterSuite -->
  <testcase classname="wrappers.MobileAppWrappers" name="@BeforeTest beforeTest" time="0.0">
    <ignored/>
  </testcase> <!-- @BeforeTest beforeTest -->
  <testcase classname="wrappers.MobileAppWrappers" name="@BeforeTest beforeTest" time="0.0">
    <ignored/>
  </testcase> <!-- @BeforeTest beforeTest -->
  <testcase classname="wrappers.MobileAppWrappers" name="@BeforeSuite beforeSuite" time="0.0">
    <ignored/>
  </testcase> <!-- @BeforeSuite beforeSuite -->
  <testcase classname="wrappers.MobileAppWrappers" name="@BeforeSuite beforeSuite" time="0.0">
    <ignored/>
  </testcase> <!-- @BeforeSuite beforeSuite -->
  <testcase classname="wrappers.MobileAppWrappers" name="@AfterTest afterTest" time="0.0">
    <ignored/>
  </testcase> <!-- @AfterTest afterTest -->
  <testcase classname="wrappers.MobileAppWrappers" name="@AfterTest afterTest" time="0.0">
    <ignored/>
  </testcase> <!-- @AfterTest afterTest -->
  <testcase classname="wrappers.MobileAppWrappers" name="@BeforeTest beforeTest" time="0.0">
    <ignored/>
  </testcase> <!-- @BeforeTest beforeTest -->
  <testcase classname="wrappers.MobileAppWrappers" name="@AfterTest afterTest" time="0.0">
    <ignored/>
  </testcase> <!-- @AfterTest afterTest -->
  <testcase classname="wrappers.MobileAppWrappers" name="@AfterSuite afterSuite" time="0.0">
    <ignored/>
  </testcase> <!-- @AfterSuite afterSuite -->
  <testcase classname="wrappers.MobileAppWrappers" name="@AfterSuite afterSuite" time="0.0">
    <ignored/>
  </testcase> <!-- @AfterSuite afterSuite -->
  <testcase classname="wrappers.MobileAppWrappers" name="@BeforeSuite beforeSuite" time="0.0">
    <ignored/>
  </testcase> <!-- @BeforeSuite beforeSuite -->
  <testcase classname="wrappers.MobileAppWrappers" name="@BeforeSuite beforeSuite" time="0.0">
    <ignored/>
  </testcase> <!-- @BeforeSuite beforeSuite -->
  <testcase classname="wrappers.MobileAppWrappers" name="@AfterTest afterTest" time="0.0">
    <ignored/>
  </testcase> <!-- @AfterTest afterTest -->
  <testcase classname="wrappers.MobileAppWrappers" name="@AfterSuite afterSuite" time="0.0">
    <ignored/>
  </testcase> <!-- @AfterSuite afterSuite -->
  <testcase classname="wrappers.MobileAppWrappers" name="@AfterTest afterTest" time="0.0">
    <ignored/>
  </testcase> <!-- @AfterTest afterTest -->
  <testcase classname="wrappers.MobileAppWrappers" name="@BeforeTest beforeTest" time="0.0">
    <ignored/>
  </testcase> <!-- @BeforeTest beforeTest -->
  <testcase classname="wrappers.MobileAppWrappers" name="@AfterTest afterTest" time="0.0">
    <ignored/>
  </testcase> <!-- @AfterTest afterTest -->
  <testcase classname="wrappers.MobileAppWrappers" name="@AfterSuite afterSuite" time="0.0">
    <ignored/>
  </testcase> <!-- @AfterSuite afterSuite -->
  <testcase classname="wrappers.MobileAppWrappers" name="@AfterTest afterTest" time="0.0">
    <ignored/>
  </testcase> <!-- @AfterTest afterTest -->
  <testcase classname="wrappers.MobileAppWrappers" name="@AfterTest afterTest" time="0.0">
    <ignored/>
  </testcase> <!-- @AfterTest afterTest -->
</testsuite> <!-- Test -->
